<?xml version="1.0" encoding="UTF-8"?>
<testsuite xmlns:xsi="http://www.w3.org/2001/XMLSchema-instance" xsi:noNamespaceSchemaLocation="https://maven.apache.org/surefire/maven-surefire-plugin/xsd/surefire-test-report.xsd" version="3.0.2" name="com.expense_tracker.Expense.Tracker.ExpenseTrackerApplicationTests" time="17.052" tests="1" errors="0" skipped="0" failures="0">
  <properties>
[...]
</properties>
  <testcase name="contextLoads" classname="com.expense_tracker.Expense.Tracker.ExpenseTrackerApplicationTests" time="0.654">
    <system-out><![CDATA[21:21:13,846 |-INFO in ch.qos.logback.classic.LoggerContext[default] - This is logback-classic version 1.5.18
21:21:13,852 |-INFO in ch.qos.logback.classic.util.ContextInitializer@1e44b638 - Here is a list of configurators discovered as a service, by rank: 
21:21:13,854 |-INFO in ch.qos.logback.classic.util.ContextInitializer@1e44b638 -   org.springframework.boot.logging.logback.RootLogLevelConfigurator
21:21:13,854 |-INFO in ch.qos.logback.classic.util.ContextInitializer@1e44b638 - They will be invoked in order until ExecutionStatus.DO_NOT_INVOKE_NEXT_IF_ANY is returned.
21:21:13,854 |-INFO in ch.qos.logback.classic.util.ContextInitializer@1e44b638 - Constructed configurator of type class org.springframework.boot.logging.logback.RootLogLevelConfigurator
21:21:13,875 |-INFO in ch.qos.logback.classic.util.ContextInitializer@1e44b638 - org.springframework.boot.logging.logback.RootLogLevelConfigurator.configure() call lasted 2 milliseconds. ExecutionStatus=INVOKE_NEXT_IF_ANY
21:21:13,875 |-INFO in ch.qos.logback.classic.util.ContextInitializer@1e44b638 - Trying to configure with ch.qos.logback.classic.joran.SerializedModelConfigurator
21:21:13,876 |-INFO in ch.qos.logback.classic.util.ContextInitializer@1e44b638 - Constructed configurator of type class ch.qos.logback.classic.joran.SerializedModelConfigurator
21:21:13,884 |-INFO in ch.qos.logback.classic.LoggerContext[default] - Could NOT find resource [logback-test.scmo]
21:21:13,884 |-INFO in ch.qos.logback.classic.LoggerContext[default] - Could NOT find resource [logback.scmo]
21:21:13,884 |-INFO in ch.qos.logback.classic.util.ContextInitializer@1e44b638 - ch.qos.logback.classic.joran.SerializedModelConfigurator.configure() call lasted 8 milliseconds. ExecutionStatus=INVOKE_NEXT_IF_ANY
21:21:13,884 |-INFO in ch.qos.logback.classic.util.ContextInitializer@1e44b638 - Trying to configure with ch.qos.logback.classic.util.DefaultJoranConfigurator
21:21:13,886 |-INFO in ch.qos.logback.classic.util.ContextInitializer@1e44b638 - Constructed configurator of type class ch.qos.logback.classic.util.DefaultJoranConfigurator
21:21:13,886 |-INFO in ch.qos.logback.classic.LoggerContext[default] - Could NOT find resource [logback-test.xml]
21:21:13,898 |-INFO in ch.qos.logback.classic.LoggerContext[default] - Found resource [logback.xml] at [file:/D:/development/ExpenseTracker/Expense-Tracker/target/classes/logback.xml]
21:21:14,176 |-INFO in ch.qos.logback.core.model.processor.AppenderModelHandler - Processing appender named [ConsoleAppender]
21:21:14,176 |-INFO in ch.qos.logback.core.model.processor.AppenderModelHandler - About to instantiate appender of type [ch.qos.logback.core.ConsoleAppender]
21:21:14,194 |-INFO in ch.qos.logback.core.model.processor.ImplicitModelHandler - Assuming default type [ch.qos.logback.classic.encoder.PatternLayoutEncoder] for [encoder] property
21:21:14,292 |-INFO in ch.qos.logback.core.ConsoleAppender[ConsoleAppender] - BEWARE: Writing to the console can be very slow. Avoid logging to the 
21:21:14,292 |-INFO in ch.qos.logback.core.ConsoleAppender[ConsoleAppender] - console in production environments, especially in high volume systems.
21:21:14,292 |-INFO in ch.qos.logback.core.ConsoleAppender[ConsoleAppender] - See also https://logback.qos.ch/codes.html#slowConsole
21:21:14,292 |-INFO in ch.qos.logback.core.model.processor.AppenderModelHandler - Processing appender named [fileAppender]
21:21:14,292 |-INFO in ch.qos.logback.core.model.processor.AppenderModelHandler - About to instantiate appender of type [ch.qos.logback.core.rolling.RollingFileAppender]
21:21:14,316 |-WARN in ch.qos.logback.core.model.processor.ImplicitModelHandler - Ignoring unknown property [maximumHistory] in [ch.qos.logback.core.rolling.SizeAndTimeBasedRollingPolicy]
21:21:14,328 |-INFO in c.q.l.core.rolling.SizeAndTimeBasedRollingPolicy@1939022383 - Archive files will be limited to [10 MB] each.
21:21:14,328 |-INFO in c.q.l.core.rolling.SizeAndTimeBasedRollingPolicy@1939022383 - No compression will be used
21:21:14,340 |-INFO in c.q.l.core.rolling.SizeAndTimeBasedRollingPolicy@1939022383 - Will use the pattern D:/development/ExpenseTracker/logs/ExpenseTracker-%d{yy-MM-dd_HH-mm}.%i.log for the active file
21:21:14,346 |-INFO in ch.qos.logback.core.rolling.SizeAndTimeBasedFileNamingAndTriggeringPolicy@babafc2 - The date pattern is 'yy-MM-dd_HH-mm' from file name pattern 'D:/development/ExpenseTracker/logs/ExpenseTracker-%d{yy-MM-dd_HH-mm}.%i.log'.
21:21:14,346 |-INFO in ch.qos.logback.core.rolling.SizeAndTimeBasedFileNamingAndTriggeringPolicy@babafc2 - Roll-over every minute.
21:21:14,346 |-INFO in ch.qos.logback.core.rolling.SizeAndTimeBasedFileNamingAndTriggeringPolicy@babafc2 - Setting initial period to 2025-08-19T15:42:16.860Z
21:21:14,353 |-INFO in ch.qos.logback.core.model.processor.ImplicitModelHandler - Assuming default type [ch.qos.logback.classic.encoder.PatternLayoutEncoder] for [encoder] property
21:21:14,359 |-INFO in ch.qos.logback.core.rolling.RollingFileAppender[fileAppender] - Active log file name: D:\development\ExpenseTracker\logs\ExpenseTracker.log
21:21:14,359 |-INFO in ch.qos.logback.core.rolling.RollingFileAppender[fileAppender] - Setting currentFileLength to 6015 for D:\development\ExpenseTracker\logs\ExpenseTracker.log
21:21:14,359 |-INFO in ch.qos.logback.core.rolling.RollingFileAppender[fileAppender] - File property is set to [D:\development\ExpenseTracker\logs\ExpenseTracker.log]
21:21:14,359 |-INFO in ch.qos.logback.classic.model.processor.RootLoggerModelHandler - Setting level of ROOT logger to INFO
21:21:14,366 |-INFO in ch.qos.logback.core.model.processor.AppenderRefModelHandler - Attaching appender named [ConsoleAppender] to Logger[ROOT]
21:21:14,366 |-INFO in ch.qos.logback.core.model.processor.AppenderRefModelHandler - Attaching appender named [fileAppender] to Logger[ROOT]
21:21:14,366 |-INFO in ch.qos.logback.core.model.processor.DefaultProcessor@31add175 - End of configuration.
21:21:14,370 |-INFO in ch.qos.logback.classic.joran.JoranConfigurator@ae3540e - Registering current configuration as safe fallback point
21:21:14,370 |-INFO in ch.qos.logback.classic.util.ContextInitializer@1e44b638 - ch.qos.logback.classic.util.DefaultJoranConfigurator.configure() call lasted 484 milliseconds. ExecutionStatus=DO_NOT_INVOKE_NEXT_IF_ANY

2025-08-19 21:21:14 [main] INFO    o.s.t.c.s.AnnotationConfigContextLoaderUtils -Could not detect default configuration classes for test class [com.expense_tracker.Expense.Tracker.ExpenseTrackerApplicationTests]: ExpenseTrackerApplicationTests does not declare any static, non-private, non-final, nested classes annotated with @Configuration. 
2025-08-19 21:21:15 [main] INFO    o.s.b.t.c.SpringBootTestContextBootstrapper -Found @SpringBootConfiguration com.expense_tracker.Expense.Tracker.ExpenseTrackerApplication for test class com.expense_tracker.Expense.Tracker.ExpenseTrackerApplicationTests 
2025-08-19 21:21:15 [main] INFO    o.s.b.d.r.RestartApplicationListener -Restart disabled due to context in which it is running 
21:21:16,066 |-INFO in ch.qos.logback.core.model.processor.AppenderModelHandler - Processing appender named [ConsoleAppender]
21:21:16,066 |-INFO in ch.qos.logback.core.model.processor.AppenderModelHandler - About to instantiate appender of type [ch.qos.logback.core.ConsoleAppender]
21:21:16,068 |-INFO in ch.qos.logback.core.model.processor.ImplicitModelHandler - Assuming default type [ch.qos.logback.classic.encoder.PatternLayoutEncoder] for [encoder] property
21:21:16,068 |-INFO in ch.qos.logback.core.ConsoleAppender[ConsoleAppender] - BEWARE: Writing to the console can be very slow. Avoid logging to the 
21:21:16,068 |-INFO in ch.qos.logback.core.ConsoleAppender[ConsoleAppender] - console in production environments, especially in high volume systems.
21:21:16,068 |-INFO in ch.qos.logback.core.ConsoleAppender[ConsoleAppender] - See also https://logback.qos.ch/codes.html#slowConsole
21:21:16,068 |-INFO in ch.qos.logback.core.model.processor.AppenderModelHandler - Processing appender named [fileAppender]
21:21:16,068 |-INFO in ch.qos.logback.core.model.processor.AppenderModelHandler - About to instantiate appender of type [ch.qos.logback.core.rolling.RollingFileAppender]
21:21:16,068 |-WARN in ch.qos.logback.core.model.processor.ImplicitModelHandler - Ignoring unknown property [maximumHistory] in [ch.qos.logback.core.rolling.SizeAndTimeBasedRollingPolicy]
21:21:16,068 |-INFO in c.q.l.core.rolling.SizeAndTimeBasedRollingPolicy@1838250251 - Archive files will be limited to [10 MB] each.
21:21:16,068 |-INFO in c.q.l.core.rolling.SizeAndTimeBasedRollingPolicy@1838250251 - No compression will be used
21:21:16,068 |-INFO in c.q.l.core.rolling.SizeAndTimeBasedRollingPolicy@1838250251 - Will use the pattern D:/development/ExpenseTracker/logs/ExpenseTracker-%d{yy-MM-dd_HH-mm}.%i.log for the active file
21:21:16,068 |-INFO in ch.qos.logback.core.rolling.SizeAndTimeBasedFileNamingAndTriggeringPolicy@6e6fce47 - The date pattern is 'yy-MM-dd_HH-mm' from file name pattern 'D:/development/ExpenseTracker/logs/ExpenseTracker-%d{yy-MM-dd_HH-mm}.%i.log'.
21:21:16,068 |-INFO in ch.qos.logback.core.rolling.SizeAndTimeBasedFileNamingAndTriggeringPolicy@6e6fce47 - Roll-over every minute.
21:21:16,070 |-INFO in ch.qos.logback.core.rolling.SizeAndTimeBasedFileNamingAndTriggeringPolicy@6e6fce47 - Setting initial period to 2025-08-19T15:51:15.810Z
21:21:16,070 |-INFO in ch.qos.logback.core.model.processor.ImplicitModelHandler - Assuming default type [ch.qos.logback.classic.encoder.PatternLayoutEncoder] for [encoder] property
21:21:16,070 |-INFO in ch.qos.logback.core.rolling.RollingFileAppender[fileAppender] - Active log file name: D:\development\ExpenseTracker\logs\ExpenseTracker.log
21:21:16,070 |-INFO in ch.qos.logback.core.rolling.RollingFileAppender[fileAppender] - Setting currentFileLength to 744 for D:\development\ExpenseTracker\logs\ExpenseTracker.log
21:21:16,070 |-INFO in ch.qos.logback.core.rolling.RollingFileAppender[fileAppender] - File property is set to [D:\development\ExpenseTracker\logs\ExpenseTracker.log]
21:21:16,070 |-INFO in ch.qos.logback.classic.model.processor.RootLoggerModelHandler - Setting level of ROOT logger to INFO
21:21:16,070 |-INFO in ch.qos.logback.classic.jul.LevelChangePropagator@47c64cfe - Propagating INFO level on Logger[ROOT] onto the JUL framework
21:21:16,070 |-INFO in ch.qos.logback.core.model.processor.AppenderRefModelHandler - Attaching appender named [ConsoleAppender] to Logger[ROOT]
21:21:16,070 |-INFO in ch.qos.logback.core.model.processor.AppenderRefModelHandler - Attaching appender named [fileAppender] to Logger[ROOT]
21:21:16,070 |-INFO in ch.qos.logback.core.model.processor.DefaultProcessor@6ce90bc5 - End of configuration.
21:21:16,070 |-INFO in org.springframework.boot.logging.logback.SpringBootJoranConfigurator@a567e72 - Registering current configuration as safe fallback point


  .   ____          _            __ _ _
 /\\ / ___'_ __ _ _(_)_ __  __ _ \ \ \ \
( ( )\___ | '_ | '_| | '_ \/ _` | \ \ \ \
 \\/  ___)| |_)| | | | | || (_| |  ) ) ) )
  '  |____| .__|_| |_|_| |_\__, | / / / /
 =========|_|==============|___/=/_/_/_/

 :: Spring Boot ::                (v3.4.4)

2025-08-19 21:21:16 [background-preinit] INFO    o.h.validator.internal.util.Version -HV000001: Hibernate Validator 8.0.2.Final 
2025-08-19 21:21:16 [main] WARN    o.s.b.t.j.DuplicateJsonObjectContextCustomizerFactory$DuplicateJsonObjectContextCustomizer -

Found multiple occurrences of org.json.JSONObject on the class path:

	jar:file:/C:/Users/tharu/.m2/repository/com/vaadin/external/google/android-json/0.0.20131108.vaadin1/android-json-0.0.20131108.vaadin1.jar!/org/json/JSONObject.class
	jar:file:/C:/Users/tharu/.m2/repository/org/json/json/20220320/json-20220320.jar!/org/json/JSONObject.class

You may wish to exclude one of them to ensure predictable runtime behavior
 
2025-08-19 21:21:16 [main] INFO    c.e.E.T.ExpenseTrackerApplicationTests -Starting ExpenseTrackerApplicationTests using Java 21.0.7 with PID 12012 (started by tharu in D:\development\ExpenseTracker\Expense-Tracker) 
2025-08-19 21:21:16 [main] INFO    c.e.E.T.ExpenseTrackerApplicationTests -No active profile set, falling back to 1 default profile: "default" 
2025-08-19 21:21:19 [main] INFO    o.s.d.r.c.RepositoryConfigurationDelegate -Bootstrapping Spring Data JPA repositories in DEFAULT mode. 
2025-08-19 21:21:19 [main] INFO    o.s.d.r.c.RepositoryConfigurationDelegate -Finished Spring Data repository scanning in 168 ms. Found 4 JPA repository interfaces. 
2025-08-19 21:21:21 [main] INFO    o.h.jpa.internal.util.LogHelper -HHH000204: Processing PersistenceUnitInfo [name: default] 
2025-08-19 21:21:21 [main] INFO    org.hibernate.Version -HHH000412: Hibernate ORM core version 6.6.11.Final 
2025-08-19 21:21:21 [main] INFO    o.h.c.i.RegionFactoryInitiator -HHH000026: Second-level cache disabled 
2025-08-19 21:21:22 [main] INFO    o.s.o.j.p.SpringPersistenceUnitInfo -No LoadTimeWeaver setup: ignoring JPA class transformer 
2025-08-19 21:21:22 [main] INFO    com.zaxxer.hikari.HikariDataSource -HikariPool-1 - Starting... 
2025-08-19 21:21:23 [main] INFO    com.zaxxer.hikari.pool.HikariPool -HikariPool-1 - Added connection org.postgresql.jdbc.PgConnection@2248d140 
2025-08-19 21:21:23 [main] INFO    com.zaxxer.hikari.HikariDataSource -HikariPool-1 - Start completed. 
2025-08-19 21:21:23 [main] WARN    org.hibernate.orm.deprecation -HHH90000025: PostgreSQLDialect does not need to be specified explicitly using 'hibernate.dialect' (remove the property setting and it will be selected by default) 
2025-08-19 21:21:23 [main] INFO    o.hibernate.orm.connections.pooling -HHH10001005: Database info:
	Database JDBC URL [Connecting through datasource 'HikariDataSource (HikariPool-1)']
	Database driver: undefined/unknown
	Database version: 17.5
	Autocommit mode: undefined/unknown
	Isolation level: undefined/unknown
	Minimum pool size: undefined/unknown
	Maximum pool size: undefined/unknown 
2025-08-19 21:21:25 [main] INFO    o.h.e.t.j.p.i.JtaPlatformInitiator -HHH000489: No JTA platform available (set 'hibernate.transaction.jta.platform' to enable JTA platform integration) 
2025-08-19 21:21:25 [main] INFO    o.s.o.j.LocalContainerEntityManagerFactoryBean -Initialized JPA EntityManagerFactory for persistence unit 'default' 
2025-08-19 21:21:26 [main] INFO    o.s.d.j.r.query.QueryEnhancerFactory -Hibernate is in classpath; If applicable, HQL parser will be used. 
2025-08-19 21:21:28 [main] WARN    o.s.b.a.o.j.JpaBaseConfiguration$JpaWebConfiguration -spring.jpa.open-in-view is enabled by default. Therefore, database queries may be performed during view rendering. Explicitly configure spring.jpa.open-in-view to disable this warning 
2025-08-19 21:21:28 [main] INFO    o.s.s.c.a.a.c.InitializeAuthenticationProviderBeanManagerConfigurer$InitializeAuthenticationProviderManagerConfigurer -Global AuthenticationManager configured with AuthenticationProvider bean with name expenseTrackerAuthenticationProvider 
2025-08-19 21:21:28 [main] WARN    o.s.s.c.a.a.c.InitializeUserDetailsBeanManagerConfigurer$InitializeUserDetailsManagerConfigurer -Global AuthenticationManager configured with an AuthenticationProvider bean. UserDetailsService beans will not be used by Spring Security for automatically configuring username/password login. Consider removing the AuthenticationProvider bean. Alternatively, consider using the UserDetailsService in a manually instantiated DaoAuthenticationProvider. If the current configuration is intentional, to turn off this warning, increase the logging level of 'org.springframework.security.config.annotation.authentication.configuration.InitializeUserDetailsBeanManagerConfigurer' to ERROR 
2025-08-19 21:21:30 [main] INFO    c.e.E.T.ExpenseTrackerApplicationTests -Started ExpenseTrackerApplicationTests in 14.283 seconds (process running for 19.078) 
]]></system-out>
    <system-err><![CDATA[Mockito is currently self-attaching to enable the inline-mock-maker. This will no longer work in future releases of the JDK. Please add Mockito as an agent to your build what is described in Mockito's documentation: https://javadoc.io/doc/org.mockito/mockito-core/latest/org/mockito/Mockito.html#0.3
WARNING: A Java agent has been loaded dynamically (C:\Users\tharu\.m2\repository\net\bytebuddy\byte-buddy-agent\1.15.11\byte-buddy-agent-1.15.11.jar)
WARNING: If a serviceability tool is in use, please run with -XX:+EnableDynamicAgentLoading to hide this warning
WARNING: If a serviceability tool is not in use, please run with -Djdk.instrument.traceUsage for more information
WARNING: Dynamic loading of agents will be disallowed by default in a future release
]]></system-err>
  </testcase>
</testsuite>